{"level":60,"time":1737277917344,"pid":227008,"hostname":"devops","error":"404","url":"/api/v1/admission-test-questions/quiz-by-branch-class"}
{"level":60,"time":1737277917357,"pid":227008,"hostname":"devops","error":"404","url":"/api/v1/admission-test-questions/quiz-by-branch-class"}
{"level":60,"time":1737364159910,"pid":167484,"hostname":"devops","error":"404","url":"/api/v1/admission-candidate-test-submission/result"}
{"level":60,"time":1737364164740,"pid":167484,"hostname":"devops","error":"404","url":"/api/v1/admission-candidate-test-submission/result"}
{"level":60,"time":1737364166109,"pid":167484,"hostname":"devops","error":"404","url":"/api/v1/admission-candidate-test-submission/result"}
{"level":60,"time":1737442479168,"pid":155894,"hostname":"devops","error":"404","url":"/api/v1/admission-test-questions/quiz-by-branch-class"}
{"level":60,"time":1737442480901,"pid":155894,"hostname":"devops","error":"404","url":"/api/v1/admission-test-questions/quiz-by-branch-class"}
{"level":60,"time":1737442504899,"pid":155894,"hostname":"devops","error":"404","url":"/api/v1/admission-test-questions/quiz-by-branch-class"}
{"level":60,"time":1737442517901,"pid":155894,"hostname":"devops","error":"404","url":"/api/v1/admission-test-questions/quiz-by-branch-class"}
{"level":60,"time":1737442532901,"pid":155894,"hostname":"devops","error":"404","url":"/api/v1/admission-test-questions/quiz-by-branch-class"}
{"level":60,"time":1737442535893,"pid":155894,"hostname":"devops","error":"404","url":"/api/v1/admission-test-questions/quiz-by-branch-class"}
{"level":60,"time":1737442661901,"pid":155894,"hostname":"devops","error":"404","url":"/api/v1/admission-test-questions/quiz-by-branch-class"}
{"level":60,"time":1737442667901,"pid":155894,"hostname":"devops","error":"404","url":"/api/v1/admission-test-questions/quiz-by-branch-class"}
{"level":60,"time":1737517994451,"pid":25486,"hostname":"devops","error":"404","url":"/api/v1/admission-test-questions/quiz-by-branch-class"}
{"level":60,"time":1737528121859,"pid":107635,"hostname":"devops","error":"404","url":"/api/v1/admission-test-questions/quiz-by-branch-class"}
{"level":60,"time":1737528124047,"pid":107635,"hostname":"devops","error":"404","url":"/api/v1/admission-test-questions/quiz-by-branch-class"}
{"level":60,"time":1737528126888,"pid":107635,"hostname":"devops","error":"404","url":"/api/v1/admission-test-questions/quiz-by-branch-class"}
{"level":60,"time":1737528128466,"pid":107635,"hostname":"devops","error":"404","url":"/api/v1/admission-test-questions/quiz-by-branch-class"}
{"level":60,"time":1737528130111,"pid":107635,"hostname":"devops","error":"404","url":"/api/v1/admission-test-questions/quiz-by-branch-class"}
{"level":60,"time":1737528135646,"pid":107635,"hostname":"devops","error":"404","url":"/api/v1/admission-test-questions/quiz-by-branch-class"}
{"level":60,"time":1737782207704,"pid":54396,"hostname":"devops","error":"404","url":"/api/v1/admission-candidate-test-submission/writting-file"}
{"level":60,"time":1737782209794,"pid":54396,"hostname":"devops","error":"404","url":"/api/v1/admission-candidate-test-submission/writting-file"}
{"level":60,"time":1737782238213,"pid":54396,"hostname":"devops","error":"404","url":"/api/v1/admission-candidate-test-submission/writting-mark"}
{"level":60,"time":1737782239593,"pid":54396,"hostname":"devops","error":"404","url":"/api/v1/admission-candidate-test-submission/writting-mark"}
{"level":60,"time":1737782240266,"pid":54396,"hostname":"devops","error":"404","url":"/api/v1/admission-candidate-test-submission/writting-mark"}
{"level":60,"time":1737782240362,"pid":54396,"hostname":"devops","error":"404","url":"/api/v1/admission-candidate-test-submission/writting-mark"}
{"level":60,"time":1737782351561,"pid":62191,"hostname":"devops","error":"404","url":"/api/v1/admission-candidate-test-submission/writting-mark"}
{"level":60,"time":1737782353306,"pid":62191,"hostname":"devops","error":"404","url":"/api/v1/admission-candidate-test-submission/writting-mark"}
{"level":60,"time":1737782596120,"pid":64229,"hostname":"devops","error":"404","url":"/api/v1/admission-candidate-test-submission/quiz-by-branch-class"}
{"level":60,"time":1737782612729,"pid":64229,"hostname":"devops","error":"404","url":"/api/v1/admission-candidate-test-submission/quiz-by-branch-class"}
