{"level":60,"time":1737203163459,"pid":284602,"hostname":"devops","file":"services/details.ts:25:19)","time":"1/18/2025 6:26:03 PM","message":"data not found"}
{"level":60,"time":1737203189470,"pid":284602,"hostname":"devops","file":"services/details.ts:25:19)","time":"1/18/2025 6:26:29 PM","message":"data not found"}
{"level":60,"time":1737203195381,"pid":284602,"hostname":"devops","file":"services/details.ts:25:19)","time":"1/18/2025 6:26:35 PM","message":"data not found"}
{"level":60,"time":1737203195418,"pid":284602,"hostname":"devops","file":"services/details.ts:25:19)","time":"1/18/2025 6:26:35 PM","message":"data not found"}
{"level":60,"time":1737203211384,"pid":284602,"hostname":"devops","file":"services/details.ts:25:19)","time":"1/18/2025 6:26:51 PM","message":"data not found"}
{"level":60,"time":1737203212381,"pid":284602,"hostname":"devops","file":"services/details.ts:25:19)","time":"1/18/2025 6:26:52 PM","message":"data not found"}
{"level":60,"time":1737203220400,"pid":284602,"hostname":"devops","file":"services/details.ts:25:19)","time":"1/18/2025 6:27:00 PM","message":"data not found"}
{"level":60,"time":1737203222379,"pid":284602,"hostname":"devops","file":"services/details.ts:25:19)","time":"1/18/2025 6:27:02 PM","message":"data not found"}
{"level":60,"time":1737203224363,"pid":284602,"hostname":"devops","file":"services/details.ts:25:19)","time":"1/18/2025 6:27:04 PM","message":"data not found"}
{"level":60,"time":1737203227430,"pid":284602,"hostname":"devops","file":"services/details.ts:25:19)","time":"1/18/2025 6:27:07 PM","message":"data not found"}
{"level":60,"time":1737203241382,"pid":284602,"hostname":"devops","file":"services/details.ts:25:19)","time":"1/18/2025 6:27:21 PM","message":"data not found"}
{"level":60,"time":1737203249373,"pid":284602,"hostname":"devops","file":"services/details.ts:25:19)","time":"1/18/2025 6:27:29 PM","message":"data not found"}
{"level":60,"time":1737203257396,"pid":284602,"hostname":"devops","file":"services/details.ts:25:19)","time":"1/18/2025 6:27:37 PM","message":"data not found"}
{"level":60,"time":1737203259422,"pid":284602,"hostname":"devops","file":"services/details.ts:25:19)","time":"1/18/2025 6:27:39 PM","message":"data not found"}
{"level":60,"time":1737203265423,"pid":284602,"hostname":"devops","file":"services/details.ts:25:19)","time":"1/18/2025 6:27:45 PM","message":"data not found"}
{"level":60,"time":1737203267372,"pid":284602,"hostname":"devops","file":"services/details.ts:25:19)","time":"1/18/2025 6:27:47 PM","message":"data not found"}
{"level":60,"time":1737203287390,"pid":284602,"hostname":"devops","file":"services/details.ts:25:19)","time":"1/18/2025 6:28:07 PM","message":"data not found"}
{"level":60,"time":1737203293373,"pid":284602,"hostname":"devops","file":"services/details.ts:25:19)","time":"1/18/2025 6:28:13 PM","message":"data not found"}
{"level":60,"time":1737203312373,"pid":284602,"hostname":"devops","file":"services/details.ts:25:19)","time":"1/18/2025 6:28:32 PM","message":"data not found"}
{"level":60,"time":1737203316359,"pid":284602,"hostname":"devops","file":"services/details.ts:25:19)","time":"1/18/2025 6:28:36 PM","message":"data not found"}
{"level":60,"time":1737203327380,"pid":284602,"hostname":"devops","file":"services/details.ts:25:19)","time":"1/18/2025 6:28:47 PM","message":"data not found"}
{"level":60,"time":1737203334376,"pid":284602,"hostname":"devops","file":"services/details.ts:25:19)","time":"1/18/2025 6:28:54 PM","message":"data not found"}
{"level":60,"time":1737203339482,"pid":284602,"hostname":"devops","file":"services/details.ts:25:19)","time":"1/18/2025 6:28:59 PM","message":"data not found"}
{"level":60,"time":1737203442175,"pid":284602,"hostname":"devops","file":"services/details.ts:25:19)","time":"1/18/2025 6:30:42 PM","message":"data not found"}
{"level":60,"time":1737203442195,"pid":284602,"hostname":"devops","file":"services/details.ts:25:19)","time":"1/18/2025 6:30:42 PM","message":"data not found"}
{"level":60,"time":1737268635067,"pid":141384,"hostname":"devops","file":"","time":"1/19/2025 12:37:15 PM","message":"Converting circular structure to JSON\n    --> starting at object with constructor 'Socket'\n    |     property 'parser' -> object with constructor 'HTTPParser'\n    --- property 'socket' closes the circle"}
{"level":60,"time":1737268773348,"pid":147789,"hostname":"devops","file":"","time":"1/19/2025 12:39:33 PM","message":"Converting circular structure to JSON\n    --> starting at object with constructor 'Socket'\n    |     property 'parser' -> object with constructor 'HTTPParser'\n    --- property 'socket' closes the circle"}
{"level":60,"time":1737269052982,"pid":147789,"hostname":"devops","file":"","time":"1/19/2025 12:44:12 PM","message":"Converting circular structure to JSON\n    --> starting at object with constructor 'Socket'\n    |     property 'parser' -> object with constructor 'HTTPParser'\n    --- property 'socket' closes the circle"}
{"level":60,"time":1737269154203,"pid":147789,"hostname":"devops","file":"","time":"1/19/2025 12:45:54 PM","message":"Converting circular structure to JSON\n    --> starting at object with constructor 'Socket'\n    |     property 'parser' -> object with constructor 'HTTPParser'\n    --- property 'socket' closes the circle"}
{"level":60,"time":1737270209656,"pid":156905,"hostname":"devops","file":"services/details.ts:25:19)","time":"1/19/2025 1:03:29 PM","message":"data not found"}
{"level":60,"time":1737270209663,"pid":156905,"hostname":"devops","file":"services/details.ts:25:19)","time":"1/19/2025 1:03:29 PM","message":"data not found"}
{"level":60,"time":1737270212280,"pid":156905,"hostname":"devops","file":"services/details.ts:25:19)","time":"1/19/2025 1:03:32 PM","message":"data not found"}
{"level":60,"time":1737270212439,"pid":156905,"hostname":"devops","file":"services/details.ts:25:19)","time":"1/19/2025 1:03:32 PM","message":"data not found"}
{"level":60,"time":1737270290825,"pid":156905,"hostname":"devops","file":"services/details.ts:25:19)","time":"1/19/2025 1:04:50 PM","message":"data not found"}
{"level":60,"time":1737270290856,"pid":156905,"hostname":"devops","file":"services/details.ts:25:19)","time":"1/19/2025 1:04:50 PM","message":"data not found"}
{"level":60,"time":1737279210065,"pid":242276,"hostname":"devops","file":"","time":"1/19/2025 3:33:30 PM","message":"Unknown column 'question_id' in 'field list'"}
{"level":60,"time":1737279608187,"pid":243348,"hostname":"devops","file":"","time":"1/19/2025 3:40:08 PM","message":"Unknown column 'question_id' in 'field list'"}
{"level":60,"time":1737279721011,"pid":246334,"hostname":"devops","file":"","time":"1/19/2025 3:42:01 PM","message":"Unknown column 'question_id' in 'field list'"}
{"level":60,"time":1737279920589,"pid":247322,"hostname":"devops","file":"","time":"1/19/2025 3:45:20 PM","message":"Unknown column 'question_id' in 'field list'"}
{"level":60,"time":1737280238639,"pid":248554,"hostname":"devops","file":"","time":"1/19/2025 3:50:38 PM","message":"Unknown column 'question_id' in 'field list'"}
{"level":60,"time":1737280391477,"pid":249351,"hostname":"devops","file":"","time":"1/19/2025 3:53:11 PM","message":"Unknown column 'question_id' in 'field list'"}
{"level":60,"time":1737280641343,"pid":250306,"hostname":"devops","file":"","time":"1/19/2025 3:57:21 PM","message":"Unknown column 'question_id' in 'field list'"}
{"level":60,"time":1737280749674,"pid":250749,"hostname":"devops","file":"","time":"1/19/2025 3:59:09 PM","message":"Unknown column 'question_id' in 'field list'"}
{"level":60,"time":1737280762985,"pid":250749,"hostname":"devops","file":"","time":"1/19/2025 3:59:22 PM","message":"Unknown column 'question_id' in 'field list'"}
{"level":60,"time":1737280907423,"pid":252036,"hostname":"devops","file":"","time":"1/19/2025 4:01:47 PM","message":"Unknown column 'question_id' in 'field list'"}
{"level":60,"time":1737282063443,"pid":13325,"hostname":"devops","file":"","time":"1/19/2025 4:21:03 PM","message":"Unknown column 'question_id' in 'field list'"}
{"level":60,"time":1737344409817,"pid":25931,"hostname":"devops","file":"","time":"1/20/2025 9:40:09 AM","message":"string violation: user_answer cannot be an array or an object"}
{"level":60,"time":1737345066502,"pid":37118,"hostname":"devops","file":"","time":"1/20/2025 9:51:06 AM","message":"string violation: user_answer cannot be an array or an object"}
{"level":60,"time":1737345169993,"pid":40732,"hostname":"devops","file":"","time":"1/20/2025 9:52:49 AM","message":"string violation: user_answer cannot be an array or an object"}
{"level":60,"time":1737345280084,"pid":41777,"hostname":"devops","file":"","time":"1/20/2025 9:54:40 AM","message":"string violation: user_answer cannot be an array or an object"}
{"level":60,"time":1737345359805,"pid":42611,"hostname":"devops","file":"","time":"1/20/2025 9:55:59 AM","message":"string violation: user_answer cannot be an array or an object"}
{"level":60,"time":1737348377704,"pid":70544,"hostname":"devops","file":"","time":"1/20/2025 10:46:17 AM","message":"You have an error in your SQL syntax; check the manual that corresponds to your MySQL server version for the right syntax to use near 'NUMBER, `is_pass` TINYINT(1), `given_admission_date` VARCHAR(255), `comment` VAR' at line 1"}
{"level":60,"time":1737348570283,"pid":72666,"hostname":"devops","file":"","time":"1/20/2025 10:49:30 AM","message":"You have an error in your SQL syntax; check the manual that corresponds to your MySQL server version for the right syntax to use near 'NUMBER, `is_pass` TINYINT(1), `given_admission_date` VARCHAR(255), `comment` VAR' at line 1"}
{"level":60,"time":1737350747840,"pid":105570,"hostname":"devops","file":"services/result.ts:34:19)","time":"1/20/2025 11:25:47 AM","message":"WHERE parameter \"branch_id\" has invalid \"undefined\" value"}
{"level":60,"time":1737350749637,"pid":105570,"hostname":"devops","file":"services/result.ts:34:19)","time":"1/20/2025 11:25:49 AM","message":"WHERE parameter \"branch_id\" has invalid \"undefined\" value"}
{"level":60,"time":1737350750531,"pid":105570,"hostname":"devops","file":"services/result.ts:34:19)","time":"1/20/2025 11:25:50 AM","message":"WHERE parameter \"branch_id\" has invalid \"undefined\" value"}
{"level":60,"time":1737365375351,"pid":185242,"hostname":"devops","file":"services/result.ts:62:19)","time":"1/20/2025 3:29:35 PM","message":"Cannot read properties of undefined (reading 'marks')"}
{"level":60,"time":1737371173171,"pid":217585,"hostname":"devops","file":"","time":"1/20/2025 5:06:13 PM","message":"You have used the alias student in two separate associations. Aliased associations must have unique aliases."}
{"level":60,"time":1737371464456,"pid":233739,"hostname":"devops","file":"","time":"1/20/2025 5:11:04 PM","message":"You have used the alias student in two separate associations. Aliased associations must have unique aliases."}
{"level":60,"time":1737371520653,"pid":233739,"hostname":"devops","file":"","time":"1/20/2025 5:12:00 PM","message":"You have used the alias student in two separate associations. Aliased associations must have unique aliases."}
{"level":60,"time":1737371521543,"pid":233739,"hostname":"devops","file":"","time":"1/20/2025 5:12:01 PM","message":"You have used the alias student in two separate associations. Aliased associations must have unique aliases."}
{"level":60,"time":1737371546857,"pid":233739,"hostname":"devops","file":"","time":"1/20/2025 5:12:26 PM","message":"You have used the alias student in two separate associations. Aliased associations must have unique aliases."}
{"level":60,"time":1737371558180,"pid":233739,"hostname":"devops","file":"","time":"1/20/2025 5:12:38 PM","message":"You have used the alias student in two separate associations. Aliased associations must have unique aliases."}
{"level":60,"time":1737371884429,"pid":240317,"hostname":"devops","file":"","time":"1/20/2025 5:18:04 PM","message":"You have used the alias student in two separate associations. Aliased associations must have unique aliases."}
{"level":60,"time":1737371884463,"pid":240317,"hostname":"devops","file":"services/result.ts:84:19)","time":"1/20/2025 5:18:04 PM","message":"WHERE parameter \"class\" has invalid \"undefined\" value"}
{"level":60,"time":1737372294164,"pid":244072,"hostname":"devops","file":"","time":"1/20/2025 5:24:54 PM","message":"You have used the alias student in two separate associations. Aliased associations must have unique aliases."}
{"level":60,"time":1737372330385,"pid":244072,"hostname":"devops","file":"","time":"1/20/2025 5:25:30 PM","message":"You have used the alias student in two separate associations. Aliased associations must have unique aliases."}
{"level":60,"time":1737372746920,"pid":248168,"hostname":"devops","file":"","time":"1/20/2025 5:32:26 PM","message":"You have used the alias student in two separate associations. Aliased associations must have unique aliases."}
{"level":60,"time":1737372859145,"pid":248168,"hostname":"devops","file":"","time":"1/20/2025 5:34:19 PM","message":"You have used the alias student in two separate associations. Aliased associations must have unique aliases."}
{"level":60,"time":1737372919163,"pid":248168,"hostname":"devops","file":"","time":"1/20/2025 5:35:19 PM","message":"Unsupported Media Type: undefined"}
{"level":60,"time":1737372921903,"pid":248168,"hostname":"devops","file":"","time":"1/20/2025 5:35:21 PM","message":"Unsupported Media Type: undefined"}
{"level":60,"time":1737372922625,"pid":248168,"hostname":"devops","file":"","time":"1/20/2025 5:35:22 PM","message":"Unsupported Media Type: undefined"}
{"level":60,"time":1737373359557,"pid":248168,"hostname":"devops","file":"","time":"1/20/2025 5:42:39 PM","message":"You have used the alias student in two separate associations. Aliased associations must have unique aliases."}
{"level":60,"time":1737373445143,"pid":248168,"hostname":"devops","file":"","time":"1/20/2025 5:44:05 PM","message":"You have used the alias student in two separate associations. Aliased associations must have unique aliases."}
{"level":60,"time":1737373724689,"pid":248168,"hostname":"devops","file":"","time":"1/20/2025 5:48:44 PM","message":"You have used the alias student in two separate associations. Aliased associations must have unique aliases."}
{"level":60,"time":1737376154945,"pid":272275,"hostname":"devops","file":"","time":"1/20/2025 6:29:14 PM","message":"You have used the alias student in two separate associations. Aliased associations must have unique aliases."}
{"level":60,"time":1737377413293,"pid":288829,"hostname":"devops","file":"services/result.ts:90:19)","time":"1/20/2025 6:50:13 PM","message":"Unknown column 'question_mark.question_id' in 'field list'"}
{"level":60,"time":1737377413421,"pid":288829,"hostname":"devops","file":"services/result.ts:90:19)","time":"1/20/2025 6:50:13 PM","message":"Unknown column 'question_mark.question_id' in 'field list'"}
{"level":60,"time":1737377422559,"pid":288829,"hostname":"devops","file":"services/result.ts:90:19)","time":"1/20/2025 6:50:22 PM","message":"Unknown column 'question_mark.question_id' in 'field list'"}
{"level":60,"time":1737377423582,"pid":288829,"hostname":"devops","file":"services/result.ts:90:19)","time":"1/20/2025 6:50:23 PM","message":"Unknown column 'question_mark.question_id' in 'field list'"}
